<?xml version="1.0" encoding="UTF-8"?>
<!-- Generated by org.testng.reporters.JUnitReportReporter -->
<testsuite hostname="Ajay" failures="0" tests="4" name="Onboarding.testSample" time="12.854" errors="0" timestamp="2022-12-08T15:33:14 IST" skipped="0">
  <testcase classname="Onboarding.testSample" name="openChrome" time="1.473"/>
  <system-out/>
  <testcase classname="Onboarding.testSample" name="loginUser" time="4.144"/>
  <system-out/>
  <testcase classname="Onboarding.testSample" name="urlFunderList" time="6.987"/>
  <system-out/>
  <testcase classname="Onboarding.testSample" name="createFunder" time="0.250"/>
  <system-out/>
</testsuite> <!-- Onboarding.testSample -->
