<?xml version="1.0" encoding="UTF-8"?>
<!-- Generated by org.testng.reporters.JUnitReportReporter -->
<testsuite hostname="Ajay" failures="0" tests="1" name="testNG.ParameterizationExample" time="0.001" errors="0" timestamp="2022-12-06T22:04:41 IST" skipped="0">
  <testcase classname="testNG.ParameterizationExample" name="Printname" time="0.001"/>
  <system-out/>
</testsuite> <!-- testNG.ParameterizationExample -->
