<?xml version="1.0" encoding="UTF-8"?>
<!-- Generated by org.testng.reporters.JUnitReportReporter -->
<testsuite hostname="Ajay" failures="0" tests="5" name="testNG.SkipATestCase" time="0.012" errors="0" timestamp="2022-12-06T22:04:41 IST" skipped="1">
  <testcase classname="testNG.SkipATestCase" name="startTheCar" time="0.002"/>
  <system-out/>
  <testcase classname="testNG.SkipATestCase" name="putFirstGear" time="0.002"/>
  <system-out/>
  <testcase classname="testNG.SkipATestCase" name="putThirdGear" time="0.006"/>
  <system-out/>
  <testcase classname="testNG.SkipATestCase" name="pressBreak" time="0.002"/>
  <system-out/>
  <testcase classname="testNG.SkipATestCase" name="putSecondGear">
    <skipped/>
  </testcase> <!-- putSecondGear -->
  <system-out/>
</testsuite> <!-- testNG.SkipATestCase -->
