<?xml version="1.0" encoding="UTF-8"?>
<!-- Generated by org.testng.reporters.JUnitReportReporter -->
<testsuite hostname="Ajay" failures="0" tests="1" name="loginTestcases.bothIncorrect" time="9.469" errors="0" timestamp="2023-01-16T23:17:44 IST" skipped="0">
  <testcase classname="loginTestcases.bothIncorrect" name="loginWithBothIncorrect" time="9.469"/>
  <system-out/>
</testsuite> <!-- loginTestcases.bothIncorrect -->
