<?xml version="1.0" encoding="UTF-8"?>
<!-- Generated by org.testng.reporters.JUnitReportReporter -->
<testsuite hostname="Ajay" failures="0" tests="3" name="testNG.ParallelTesting" time="7.533" errors="0" timestamp="2022-12-06T22:04:41 IST" skipped="0">
  <testcase classname="testNG.ParallelTesting" name="openChrome" time="1.658"/>
  <system-out/>
  <testcase classname="testNG.ParallelTesting" name="openBing" time="0.725"/>
  <system-out/>
  <testcase classname="testNG.ParallelTesting" name="openFireFox" time="5.150"/>
  <system-out/>
</testsuite> <!-- testNG.ParallelTesting -->
