<?xml version="1.0" encoding="UTF-8"?>
<!-- Generated by org.testng.reporters.JUnitReportReporter -->
<testsuite hostname="Ajay" failures="0" tests="4" name="testNG.DependencyManagement" time="0.002" errors="0" timestamp="2022-12-06T22:04:41 IST" skipped="1">
  <testcase classname="testNG.DependencyManagement" name="engineering" time="0.000"/>
  <system-out/>
  <testcase classname="testNG.DependencyManagement" name="higherSecondary" time="0.000"/>
  <system-out/>
  <testcase classname="testNG.DependencyManagement" name="highSchool" time="0.002"/>
  <system-out/>
  <testcase classname="testNG.DependencyManagement" name="kinderGarden">
    <skipped/>
  </testcase> <!-- kinderGarden -->
  <system-out/>
</testsuite> <!-- testNG.DependencyManagement -->
