<?xml version="1.0" encoding="UTF-8"?>
<!-- Generated by org.testng.reporters.JUnitReportReporter -->
<testsuite hostname="Ajay" failures="0" tests="4" name="amazonScripts.createNewAccount" time="28.665" errors="0" timestamp="2023-03-08T21:56:36 IST" skipped="0">
  <testcase classname="amazonScripts.createNewAccount" name="searchBar" time="6.414"/>
  <system-out/>
  <testcase classname="amazonScripts.createNewAccount" name="searchBar" time="6.012"/>
  <system-out/>
  <testcase classname="amazonScripts.createNewAccount" name="searchBar" time="7.161"/>
  <system-out/>
  <testcase classname="amazonScripts.createNewAccount" name="searchBar" time="9.078"/>
  <system-out/>
</testsuite> <!-- amazonScripts.createNewAccount -->
