<?xml version="1.0" encoding="UTF-8"?>
<!-- Generated by org.testng.reporters.JUnitReportReporter -->
<testsuite hostname="Ajay" failures="0" tests="3" name="testNG.SuitExamples" time="5.809" errors="0" timestamp="2022-12-06T22:04:41 IST" skipped="0">
  <testcase classname="testNG.SuitExamples" name="openYahoo" time="1.118"/>
  <system-out/>
  <testcase classname="testNG.SuitExamples" name="openChrome" time="4.195"/>
  <system-out/>
  <testcase classname="testNG.SuitExamples" name="openBingo" time="0.496"/>
  <system-out/>
</testsuite> <!-- testNG.SuitExamples -->
