<?xml version="1.0" encoding="UTF-8"?>
<!-- Generated by org.testng.reporters.JUnitReportReporter -->
<testsuite hostname="Ajay" failures="0" tests="4" name="testNG.GroupingExample" time="0.012" errors="0" timestamp="2022-12-06T17:43:20 IST" skipped="0">
  <testcase classname="testNG.GroupingExample" name="apple2" time="0.001"/>
  <system-out/>
  <testcase classname="testNG.GroupingExample" name="moto1" time="0.002"/>
  <system-out/>
  <testcase classname="testNG.GroupingExample" name="apple1" time="0.009"/>
  <system-out/>
  <testcase classname="testNG.GroupingExample" name="moto2" time="0.000"/>
  <system-out/>
</testsuite> <!-- testNG.GroupingExample -->
