<?xml version="1.0" encoding="UTF-8"?>
<!-- Generated by org.testng.reporters.JUnitReportReporter -->
<testsuite hostname="Ajay" failures="0" tests="1" name="loginTestcases.correctPassword" time="9.358" errors="0" timestamp="2023-01-16T23:17:44 IST" skipped="0">
  <testcase classname="loginTestcases.correctPassword" name="loginWithCorrectPassword" time="9.358"/>
  <system-out/>
</testsuite> <!-- loginTestcases.correctPassword -->
