<?xml version="1.0" encoding="UTF-8"?>
<!-- Generated by org.testng.reporters.JUnitReportReporter -->
<testsuite hostname="Ajay" failures="0" tests="4" name="amazonScripts.addToCart" time="30.037" errors="0" timestamp="2023-02-21T20:29:27 IST" skipped="0">
  <testcase classname="amazonScripts.addToCart" name="searchBar" time="6.980"/>
  <system-out/>
  <testcase classname="amazonScripts.addToCart" name="searchBar" time="7.041"/>
  <system-out/>
  <testcase classname="amazonScripts.addToCart" name="searchBar" time="7.890"/>
  <system-out/>
  <testcase classname="amazonScripts.addToCart" name="searchBar" time="8.126"/>
  <system-out/>
</testsuite> <!-- amazonScripts.addToCart -->
