<?xml version="1.0" encoding="UTF-8"?>
<!-- Generated by org.testng.reporters.JUnitReportReporter -->
<testsuite hostname="Ajay" failures="0" tests="1" name="loginTestcases.correctUserName" time="10.603" errors="0" timestamp="2023-01-16T23:17:44 IST" skipped="0">
  <testcase classname="loginTestcases.correctUserName" name="loginWithCorrectUserName" time="10.603"/>
  <system-out/>
</testsuite> <!-- loginTestcases.correctUserName -->
