<?xml version="1.0" encoding="UTF-8"?>
<!-- Generated by org.testng.reporters.JUnitReportReporter -->
<testsuite hostname="Ajay" failures="0" tests="4" name="loginTestcases.dataProviderwithExcel" time="53.948" errors="0" timestamp="2023-01-24T10:24:58 IST" skipped="0">
  <testcase classname="loginTestcases.dataProviderwithExcel" name="bothCorrect" time="10.407"/>
  <system-out/>
  <testcase classname="loginTestcases.dataProviderwithExcel" name="bothCorrect" time="11.794"/>
  <system-out/>
  <testcase classname="loginTestcases.dataProviderwithExcel" name="bothCorrect" time="10.897"/>
  <system-out/>
  <testcase classname="loginTestcases.dataProviderwithExcel" name="bothCorrect" time="20.850"/>
  <system-out/>
</testsuite> <!-- loginTestcases.dataProviderwithExcel -->
