<?xml version="1.0" encoding="UTF-8"?>
<!-- Generated by org.testng.reporters.JUnitReportReporter -->
<testsuite hostname="Ajay" failures="0" tests="4" name="amazonScripts.addToCart" time="27.015" errors="0" timestamp="2023-03-02T12:08:38 IST" skipped="0">
  <testcase classname="amazonScripts.addToCart" name="searchBar" time="6.354"/>
  <system-out/>
  <testcase classname="amazonScripts.addToCart" name="searchBar" time="6.354"/>
  <system-out/>
  <testcase classname="amazonScripts.addToCart" name="searchBar" time="7.944"/>
  <system-out/>
  <testcase classname="amazonScripts.addToCart" name="searchBar" time="6.363"/>
  <system-out/>
</testsuite> <!-- amazonScripts.addToCart -->
